<?xml version="1.0" encoding="UTF-8"?>
<testng-results ignored="0" total="1" passed="1" failed="0" skipped="0">
  <reporter-output>
  </reporter-output>
  <suite started-at="2025-09-02T22:28:02 IST" name="Default suite" finished-at="2025-09-02T22:28:27 IST" duration-ms="24320">
    <groups>
    </groups>
    <test started-at="2025-09-02T22:28:02 IST" name="Default test" finished-at="2025-09-02T22:28:27 IST" duration-ms="24320">
      <class name="EmployeePage.EmployeTest">
        <test-method is-config="true" signature="setUp()[pri:0, instance:EmployeePage.EmployeTest@662ac478]" started-at="2025-09-02T22:28:00 IST" name="setUp" finished-at="2025-09-02T22:28:02 IST" duration-ms="2297" status="PASS">
          <reporter-output>
          </reporter-output>
        </test-method> <!-- setUp -->
        <test-method is-config="true" signature="setup()[pri:0, instance:EmployeePage.EmployeTest@662ac478]" started-at="2025-09-02T22:28:02 IST" name="setup" finished-at="2025-09-02T22:28:08 IST" duration-ms="5633" status="PASS">
          <reporter-output>
          </reporter-output>
        </test-method> <!-- setup -->
        <test-method signature="testAddAndSearchEmployee(java.lang.String,java.lang.String,java.lang.String,java.lang.String)[pri:0, instance:EmployeePage.EmployeTest@662ac478]" started-at="2025-09-02T22:28:08 IST" name="testAddAndSearchEmployee" data-provider="employeeData" finished-at="2025-09-02T22:28:27 IST" duration-ms="18633" status="PASS">
          <params>
            <param index="0">
              <value>
                <![CDATA[Manoj]]>
              </value>
            </param>
            <param index="1">
              <value>
                <![CDATA[KM]]>
              </value>
            </param>
            <param index="2">
              <value>
                <![CDATA[Manoj924]]>
              </value>
            </param>
            <param index="3">
              <value>
                <![CDATA[Password@123]]>
              </value>
            </param>
          </params>
          <reporter-output>
          </reporter-output>
        </test-method> <!-- testAddAndSearchEmployee -->
        <test-method is-config="true" signature="setDown()[pri:0, instance:EmployeePage.EmployeTest@662ac478]" started-at="2025-09-02T22:28:27 IST" name="setDown" finished-at="2025-09-02T22:28:27 IST" duration-ms="427" status="PASS">
          <reporter-output>
          </reporter-output>
        </test-method> <!-- setDown -->
      </class> <!-- EmployeePage.EmployeTest -->
    </test> <!-- Default test -->
  </suite> <!-- Default suite -->
</testng-results>
